Analysis & Synthesis report for top_fpga
Tue Apr 08 22:42:00 2025
Quartus II 64-Bit Version 13.1.0 Build 162 10/23/2013 SJ Full Version


---------------------
; Table of Contents ;
---------------------
  1. Legal Notice
  2. Analysis & Synthesis Summary
  3. Analysis & Synthesis Settings
  4. Parallel Compilation
  5. Analysis & Synthesis Source Files Read
  6. Analysis & Synthesis Resource Usage Summary
  7. Analysis & Synthesis Resource Utilization by Entity
  8. Analysis & Synthesis RAM Summary
  9. Registers Removed During Synthesis
 10. General Register Statistics
 11. Inverted Register Statistics
 12. Multiplexer Restructuring Statistics (Restructuring Performed)
 13. Parameter Settings for Inferred Entity Instance: sld_signaltap:auto_signaltap_0
 14. Port Connectivity Checks: "myuart:myuart_inst|myuart_tx:inst_myuart_tx"
 15. SignalTap II Logic Analyzer Settings
 16. Elapsed Time Per Partition
 17. Connections to In-System Debugging Instance "auto_signaltap_0"
 18. Analysis & Synthesis Messages



----------------
; Legal Notice ;
----------------
Copyright (C) 1991-2013 Altera Corporation
Your use of Altera Corporation's design tools, logic functions 
and other software and tools, and its AMPP partner logic 
functions, and any output files from any of the foregoing 
(including device programming or simulation files), and any 
associated documentation or information are expressly subject 
to the terms and conditions of the Altera Program License 
Subscription Agreement, Altera MegaCore Function License 
Agreement, or other applicable license agreement, including, 
without limitation, that your use is for the sole purpose of 
programming logic devices manufactured by Altera and sold by 
Altera or its authorized distributors.  Please refer to the 
applicable agreement for further details.



+----------------------------------------------------------------------------------+
; Analysis & Synthesis Summary                                                     ;
+------------------------------------+---------------------------------------------+
; Analysis & Synthesis Status        ; Successful - Tue Apr 08 22:42:00 2025       ;
; Quartus II 64-Bit Version          ; 13.1.0 Build 162 10/23/2013 SJ Full Version ;
; Revision Name                      ; top_fpga                                    ;
; Top-level Entity Name              ; top_fpga                                    ;
; Family                             ; Cyclone IV E                                ;
; Total logic elements               ; 863                                         ;
;     Total combinational functions  ; 564                                         ;
;     Dedicated logic registers      ; 650                                         ;
; Total registers                    ; 650                                         ;
; Total pins                         ; 22                                          ;
; Total virtual pins                 ; 0                                           ;
; Total memory bits                  ; 2,048                                       ;
; Embedded Multiplier 9-bit elements ; 0                                           ;
; Total PLLs                         ; 0                                           ;
+------------------------------------+---------------------------------------------+


+----------------------------------------------------------------------------------------------------------------------+
; Analysis & Synthesis Settings                                                                                        ;
+----------------------------------------------------------------------------+--------------------+--------------------+
; Option                                                                     ; Setting            ; Default Value      ;
+----------------------------------------------------------------------------+--------------------+--------------------+
; Device                                                                     ; EP4CE6E22C8        ;                    ;
; Top-level entity name                                                      ; top_fpga           ; top_fpga           ;
; Family name                                                                ; Cyclone IV E       ; Cyclone IV GX      ;
; Use smart compilation                                                      ; Off                ; Off                ;
; Enable parallel Assembler and TimeQuest Timing Analyzer during compilation ; On                 ; On                 ;
; Enable compact report table                                                ; Off                ; Off                ;
; Restructure Multiplexers                                                   ; Auto               ; Auto               ;
; Create Debugging Nodes for IP Cores                                        ; Off                ; Off                ;
; Preserve fewer node names                                                  ; On                 ; On                 ;
; Disable OpenCore Plus hardware evaluation                                  ; Off                ; Off                ;
; Verilog Version                                                            ; Verilog_2001       ; Verilog_2001       ;
; VHDL Version                                                               ; VHDL_1993          ; VHDL_1993          ;
; State Machine Processing                                                   ; Auto               ; Auto               ;
; Safe State Machine                                                         ; Off                ; Off                ;
; Extract Verilog State Machines                                             ; On                 ; On                 ;
; Extract VHDL State Machines                                                ; On                 ; On                 ;
; Ignore Verilog initial constructs                                          ; Off                ; Off                ;
; Iteration limit for constant Verilog loops                                 ; 5000               ; 5000               ;
; Iteration limit for non-constant Verilog loops                             ; 250                ; 250                ;
; Add Pass-Through Logic to Inferred RAMs                                    ; On                 ; On                 ;
; Infer RAMs from Raw Logic                                                  ; On                 ; On                 ;
; Parallel Synthesis                                                         ; On                 ; On                 ;
; DSP Block Balancing                                                        ; Auto               ; Auto               ;
; NOT Gate Push-Back                                                         ; On                 ; On                 ;
; Power-Up Don't Care                                                        ; On                 ; On                 ;
; Remove Redundant Logic Cells                                               ; Off                ; Off                ;
; Remove Duplicate Registers                                                 ; On                 ; On                 ;
; Ignore CARRY Buffers                                                       ; Off                ; Off                ;
; Ignore CASCADE Buffers                                                     ; Off                ; Off                ;
; Ignore GLOBAL Buffers                                                      ; Off                ; Off                ;
; Ignore ROW GLOBAL Buffers                                                  ; Off                ; Off                ;
; Ignore LCELL Buffers                                                       ; Off                ; Off                ;
; Ignore SOFT Buffers                                                        ; On                 ; On                 ;
; Limit AHDL Integers to 32 Bits                                             ; Off                ; Off                ;
; Optimization Technique                                                     ; Balanced           ; Balanced           ;
; Carry Chain Length                                                         ; 70                 ; 70                 ;
; Auto Carry Chains                                                          ; On                 ; On                 ;
; Auto Open-Drain Pins                                                       ; On                 ; On                 ;
; Perform WYSIWYG Primitive Resynthesis                                      ; Off                ; Off                ;
; Auto ROM Replacement                                                       ; On                 ; On                 ;
; Auto RAM Replacement                                                       ; On                 ; On                 ;
; Auto DSP Block Replacement                                                 ; On                 ; On                 ;
; Auto Shift Register Replacement                                            ; Auto               ; Auto               ;
; Allow Shift Register Merging across Hierarchies                            ; Auto               ; Auto               ;
; Auto Clock Enable Replacement                                              ; On                 ; On                 ;
; Strict RAM Replacement                                                     ; Off                ; Off                ;
; Allow Synchronous Control Signals                                          ; On                 ; On                 ;
; Force Use of Synchronous Clear Signals                                     ; Off                ; Off                ;
; Auto RAM Block Balancing                                                   ; On                 ; On                 ;
; Auto RAM to Logic Cell Conversion                                          ; Off                ; Off                ;
; Auto Resource Sharing                                                      ; Off                ; Off                ;
; Allow Any RAM Size For Recognition                                         ; Off                ; Off                ;
; Allow Any ROM Size For Recognition                                         ; Off                ; Off                ;
; Allow Any Shift Register Size For Recognition                              ; Off                ; Off                ;
; Use LogicLock Constraints during Resource Balancing                        ; On                 ; On                 ;
; Ignore translate_off and synthesis_off directives                          ; Off                ; Off                ;
; Timing-Driven Synthesis                                                    ; On                 ; On                 ;
; Report Parameter Settings                                                  ; On                 ; On                 ;
; Report Source Assignments                                                  ; On                 ; On                 ;
; Report Connectivity Checks                                                 ; On                 ; On                 ;
; Ignore Maximum Fan-Out Assignments                                         ; Off                ; Off                ;
; Synchronization Register Chain Length                                      ; 2                  ; 2                  ;
; PowerPlay Power Optimization                                               ; Normal compilation ; Normal compilation ;
; HDL message level                                                          ; Level2             ; Level2             ;
; Suppress Register Optimization Related Messages                            ; Off                ; Off                ;
; Number of Removed Registers Reported in Synthesis Report                   ; 5000               ; 5000               ;
; Number of Swept Nodes Reported in Synthesis Report                         ; 5000               ; 5000               ;
; Number of Inverted Registers Reported in Synthesis Report                  ; 100                ; 100                ;
; Clock MUX Protection                                                       ; On                 ; On                 ;
; Auto Gated Clock Conversion                                                ; Off                ; Off                ;
; Block Design Naming                                                        ; Auto               ; Auto               ;
; SDC constraint protection                                                  ; Off                ; Off                ;
; Synthesis Effort                                                           ; Auto               ; Auto               ;
; Shift Register Replacement - Allow Asynchronous Clear Signal               ; On                 ; On                 ;
; Pre-Mapping Resynthesis Optimization                                       ; Off                ; Off                ;
; Analysis & Synthesis Message Level                                         ; Medium             ; Medium             ;
; Disable Register Merging Across Hierarchies                                ; Auto               ; Auto               ;
; Resource Aware Inference For Block RAM                                     ; On                 ; On                 ;
; Synthesis Seed                                                             ; 1                  ; 1                  ;
+----------------------------------------------------------------------------+--------------------+--------------------+


+------------------------------------------+
; Parallel Compilation                     ;
+----------------------------+-------------+
; Processors                 ; Number      ;
+----------------------------+-------------+
; Number detected on machine ; 16          ;
; Maximum allowed            ; 16          ;
;                            ;             ;
; Average used               ; 1.00        ;
; Maximum used               ; 1           ;
;                            ;             ;
; Usage by Processor         ; % Time Used ;
;     Processor 1            ; 100.0%      ;
;     Processors 2-16        ;   0.0%      ;
+----------------------------+-------------+


+--------------------------------------------------------------------------------------------------------------------------------------------------------------------------------------+
; Analysis & Synthesis Source Files Read                                                                                                                                               ;
+----------------------------------+-----------------+------------------------------+----------------------------------------------------------------------------------------+---------+
; File Name with User-Entered Path ; Used in Netlist ; File Type                    ; File Name with Absolute Path                                                           ; Library ;
+----------------------------------+-----------------+------------------------------+----------------------------------------------------------------------------------------+---------+
; rtl/myuart/speed_select.v        ; yes             ; User Verilog HDL File        ; D:/myGitHub/01_fpga_study/05_UART/rtl/myuart/speed_select.v                            ;         ;
; rtl/myuart/myuart_tx.v           ; yes             ; User Verilog HDL File        ; D:/myGitHub/01_fpga_study/05_UART/rtl/myuart/myuart_tx.v                               ;         ;
; rtl/myuart/myuart_rx.v           ; yes             ; User Verilog HDL File        ; D:/myGitHub/01_fpga_study/05_UART/rtl/myuart/myuart_rx.v                               ;         ;
; rtl/top_fpga.v                   ; yes             ; User Verilog HDL File        ; D:/myGitHub/01_fpga_study/05_UART/rtl/top_fpga.v                                       ;         ;
; ../01_KEY/rtl/key_jitter.v       ; yes             ; User Verilog HDL File        ; D:/myGitHub/01_fpga_study/01_KEY/rtl/key_jitter.v                                      ;         ;
; rtl/myuart/myuart.v              ; yes             ; User Verilog HDL File        ; D:/myGitHub/01_fpga_study/05_UART/rtl/myuart/myuart.v                                  ;         ;
; sld_signaltap.vhd                ; yes             ; Megafunction                 ; d:/mysoftware/altera/13.1/quartus/libraries/megafunctions/sld_signaltap.vhd            ;         ;
; sld_signaltap_impl.vhd           ; yes             ; Encrypted Megafunction       ; d:/mysoftware/altera/13.1/quartus/libraries/megafunctions/sld_signaltap_impl.vhd       ;         ;
; sld_ela_control.vhd              ; yes             ; Encrypted Megafunction       ; d:/mysoftware/altera/13.1/quartus/libraries/megafunctions/sld_ela_control.vhd          ;         ;
; lpm_shiftreg.tdf                 ; yes             ; Megafunction                 ; d:/mysoftware/altera/13.1/quartus/libraries/megafunctions/lpm_shiftreg.tdf             ;         ;
; lpm_constant.inc                 ; yes             ; Megafunction                 ; d:/mysoftware/altera/13.1/quartus/libraries/megafunctions/lpm_constant.inc             ;         ;
; dffeea.inc                       ; yes             ; Megafunction                 ; d:/mysoftware/altera/13.1/quartus/libraries/megafunctions/dffeea.inc                   ;         ;
; aglobal131.inc                   ; yes             ; Megafunction                 ; d:/mysoftware/altera/13.1/quartus/libraries/megafunctions/aglobal131.inc               ;         ;
; sld_mbpmg.vhd                    ; yes             ; Encrypted Megafunction       ; d:/mysoftware/altera/13.1/quartus/libraries/megafunctions/sld_mbpmg.vhd                ;         ;
; sld_ela_trigger_flow_mgr.vhd     ; yes             ; Encrypted Megafunction       ; d:/mysoftware/altera/13.1/quartus/libraries/megafunctions/sld_ela_trigger_flow_mgr.vhd ;         ;
; sld_buffer_manager.vhd           ; yes             ; Encrypted Megafunction       ; d:/mysoftware/altera/13.1/quartus/libraries/megafunctions/sld_buffer_manager.vhd       ;         ;
; altsyncram.tdf                   ; yes             ; Megafunction                 ; d:/mysoftware/altera/13.1/quartus/libraries/megafunctions/altsyncram.tdf               ;         ;
; stratix_ram_block.inc            ; yes             ; Megafunction                 ; d:/mysoftware/altera/13.1/quartus/libraries/megafunctions/stratix_ram_block.inc        ;         ;
; lpm_mux.inc                      ; yes             ; Megafunction                 ; d:/mysoftware/altera/13.1/quartus/libraries/megafunctions/lpm_mux.inc                  ;         ;
; lpm_decode.inc                   ; yes             ; Megafunction                 ; d:/mysoftware/altera/13.1/quartus/libraries/megafunctions/lpm_decode.inc               ;         ;
; a_rdenreg.inc                    ; yes             ; Megafunction                 ; d:/mysoftware/altera/13.1/quartus/libraries/megafunctions/a_rdenreg.inc                ;         ;
; altrom.inc                       ; yes             ; Megafunction                 ; d:/mysoftware/altera/13.1/quartus/libraries/megafunctions/altrom.inc                   ;         ;
; altram.inc                       ; yes             ; Megafunction                 ; d:/mysoftware/altera/13.1/quartus/libraries/megafunctions/altram.inc                   ;         ;
; altdpram.inc                     ; yes             ; Megafunction                 ; d:/mysoftware/altera/13.1/quartus/libraries/megafunctions/altdpram.inc                 ;         ;
; db/altsyncram_eu14.tdf           ; yes             ; Auto-Generated Megafunction  ; D:/myGitHub/01_fpga_study/05_UART/db/altsyncram_eu14.tdf                               ;         ;
; altdpram.tdf                     ; yes             ; Megafunction                 ; d:/mysoftware/altera/13.1/quartus/libraries/megafunctions/altdpram.tdf                 ;         ;
; memmodes.inc                     ; yes             ; Megafunction                 ; d:/mysoftware/altera/13.1/quartus/libraries/others/maxplus2/memmodes.inc               ;         ;
; a_hdffe.inc                      ; yes             ; Megafunction                 ; d:/mysoftware/altera/13.1/quartus/libraries/megafunctions/a_hdffe.inc                  ;         ;
; alt_le_rden_reg.inc              ; yes             ; Megafunction                 ; d:/mysoftware/altera/13.1/quartus/libraries/megafunctions/alt_le_rden_reg.inc          ;         ;
; altsyncram.inc                   ; yes             ; Megafunction                 ; d:/mysoftware/altera/13.1/quartus/libraries/megafunctions/altsyncram.inc               ;         ;
; lpm_mux.tdf                      ; yes             ; Megafunction                 ; d:/mysoftware/altera/13.1/quartus/libraries/megafunctions/lpm_mux.tdf                  ;         ;
; muxlut.inc                       ; yes             ; Megafunction                 ; d:/mysoftware/altera/13.1/quartus/libraries/megafunctions/muxlut.inc                   ;         ;
; bypassff.inc                     ; yes             ; Megafunction                 ; d:/mysoftware/altera/13.1/quartus/libraries/megafunctions/bypassff.inc                 ;         ;
; altshift.inc                     ; yes             ; Megafunction                 ; d:/mysoftware/altera/13.1/quartus/libraries/megafunctions/altshift.inc                 ;         ;
; db/mux_ssc.tdf                   ; yes             ; Auto-Generated Megafunction  ; D:/myGitHub/01_fpga_study/05_UART/db/mux_ssc.tdf                                       ;         ;
; lpm_decode.tdf                   ; yes             ; Megafunction                 ; d:/mysoftware/altera/13.1/quartus/libraries/megafunctions/lpm_decode.tdf               ;         ;
; declut.inc                       ; yes             ; Megafunction                 ; d:/mysoftware/altera/13.1/quartus/libraries/megafunctions/declut.inc                   ;         ;
; lpm_compare.inc                  ; yes             ; Megafunction                 ; d:/mysoftware/altera/13.1/quartus/libraries/megafunctions/lpm_compare.inc              ;         ;
; db/decode_dvf.tdf                ; yes             ; Auto-Generated Megafunction  ; D:/myGitHub/01_fpga_study/05_UART/db/decode_dvf.tdf                                    ;         ;
; lpm_counter.tdf                  ; yes             ; Megafunction                 ; d:/mysoftware/altera/13.1/quartus/libraries/megafunctions/lpm_counter.tdf              ;         ;
; lpm_add_sub.inc                  ; yes             ; Megafunction                 ; d:/mysoftware/altera/13.1/quartus/libraries/megafunctions/lpm_add_sub.inc              ;         ;
; cmpconst.inc                     ; yes             ; Megafunction                 ; d:/mysoftware/altera/13.1/quartus/libraries/megafunctions/cmpconst.inc                 ;         ;
; lpm_counter.inc                  ; yes             ; Megafunction                 ; d:/mysoftware/altera/13.1/quartus/libraries/megafunctions/lpm_counter.inc              ;         ;
; alt_counter_stratix.inc          ; yes             ; Megafunction                 ; d:/mysoftware/altera/13.1/quartus/libraries/megafunctions/alt_counter_stratix.inc      ;         ;
; db/cntr_fgi.tdf                  ; yes             ; Auto-Generated Megafunction  ; D:/myGitHub/01_fpga_study/05_UART/db/cntr_fgi.tdf                                      ;         ;
; db/cntr_i6j.tdf                  ; yes             ; Auto-Generated Megafunction  ; D:/myGitHub/01_fpga_study/05_UART/db/cntr_i6j.tdf                                      ;         ;
; db/cntr_egi.tdf                  ; yes             ; Auto-Generated Megafunction  ; D:/myGitHub/01_fpga_study/05_UART/db/cntr_egi.tdf                                      ;         ;
; db/cmpr_qgc.tdf                  ; yes             ; Auto-Generated Megafunction  ; D:/myGitHub/01_fpga_study/05_UART/db/cmpr_qgc.tdf                                      ;         ;
; db/cntr_23j.tdf                  ; yes             ; Auto-Generated Megafunction  ; D:/myGitHub/01_fpga_study/05_UART/db/cntr_23j.tdf                                      ;         ;
; db/cmpr_ngc.tdf                  ; yes             ; Auto-Generated Megafunction  ; D:/myGitHub/01_fpga_study/05_UART/db/cmpr_ngc.tdf                                      ;         ;
; sld_rom_sr.vhd                   ; yes             ; Encrypted Megafunction       ; d:/mysoftware/altera/13.1/quartus/libraries/megafunctions/sld_rom_sr.vhd               ;         ;
; sld_hub.vhd                      ; yes             ; Encrypted Megafunction       ; d:/mysoftware/altera/13.1/quartus/libraries/megafunctions/sld_hub.vhd                  ;         ;
; sld_jtag_hub.vhd                 ; yes             ; Encrypted Megafunction       ; d:/mysoftware/altera/13.1/quartus/libraries/megafunctions/sld_jtag_hub.vhd             ;         ;
+----------------------------------+-----------------+------------------------------+----------------------------------------------------------------------------------------+---------+


+------------------------------------------------------------------------+
; Analysis & Synthesis Resource Usage Summary                            ;
+---------------------------------------------+--------------------------+
; Resource                                    ; Usage                    ;
+---------------------------------------------+--------------------------+
; Estimated Total logic elements              ; 863                      ;
;                                             ;                          ;
; Total combinational functions               ; 564                      ;
; Logic element usage by number of LUT inputs ;                          ;
;     -- 4 input functions                    ; 239                      ;
;     -- 3 input functions                    ; 138                      ;
;     -- <=2 input functions                  ; 187                      ;
;                                             ;                          ;
; Logic elements by mode                      ;                          ;
;     -- normal mode                          ; 450                      ;
;     -- arithmetic mode                      ; 114                      ;
;                                             ;                          ;
; Total registers                             ; 650                      ;
;     -- Dedicated logic registers            ; 650                      ;
;     -- I/O registers                        ; 0                        ;
;                                             ;                          ;
; I/O pins                                    ; 22                       ;
; Total memory bits                           ; 2048                     ;
; Embedded Multiplier 9-bit elements          ; 0                        ;
; Maximum fan-out node                        ; altera_internal_jtag~TDO ;
; Maximum fan-out                             ; 366                      ;
; Total fan-out                               ; 4133                     ;
; Average fan-out                             ; 3.22                     ;
+---------------------------------------------+--------------------------+


+-------------------------------------------------------------------------------------------------------------------------------------------------------------------------------------------------------------------------------------------------------------------------------------------------------------------------------------------------------------------------------------------------------------------------------------------------------------------------------------------------------------------------------------------------------------------------------------+
; Analysis & Synthesis Resource Utilization by Entity                                                                                                                                                                                                                                                                                                                                                                                                                                                                                                                                 ;
+---------------------------------------------------------------------------------------------------------+-------------------+--------------+-------------+--------------+---------+-----------+------+--------------+------------------------------------------------------------------------------------------------------------------------------------------------------------------------------------------------------------------------------------------------------------------------------------------------------------------------------------------------+--------------+
; Compilation Hierarchy Node                                                                              ; LC Combinationals ; LC Registers ; Memory Bits ; DSP Elements ; DSP 9x9 ; DSP 18x18 ; Pins ; Virtual Pins ; Full Hierarchy Name                                                                                                                                                                                                                                                                                                                            ; Library Name ;
+---------------------------------------------------------------------------------------------------------+-------------------+--------------+-------------+--------------+---------+-----------+------+--------------+------------------------------------------------------------------------------------------------------------------------------------------------------------------------------------------------------------------------------------------------------------------------------------------------------------------------------------------------+--------------+
; |top_fpga                                                                                               ; 564 (1)           ; 650 (0)      ; 2048        ; 0            ; 0       ; 0         ; 22   ; 0            ; |top_fpga                                                                                                                                                                                                                                                                                                                                      ; work         ;
;    |key_jitter:key_jitter_inst|                                                                         ; 30 (30)           ; 28 (28)      ; 0           ; 0            ; 0       ; 0         ; 0    ; 0            ; |top_fpga|key_jitter:key_jitter_inst                                                                                                                                                                                                                                                                                                           ; work         ;
;    |myuart:myuart_inst|                                                                                 ; 82 (0)            ; 69 (0)       ; 0           ; 0            ; 0       ; 0         ; 0    ; 0            ; |top_fpga|myuart:myuart_inst                                                                                                                                                                                                                                                                                                                   ; work         ;
;       |myuart_rx:inst_myuart_rx|                                                                        ; 28 (28)           ; 34 (34)      ; 0           ; 0            ; 0       ; 0         ; 0    ; 0            ; |top_fpga|myuart:myuart_inst|myuart_rx:inst_myuart_rx                                                                                                                                                                                                                                                                                          ; work         ;
;       |myuart_tx:inst_myuart_tx|                                                                        ; 12 (12)           ; 7 (7)        ; 0           ; 0            ; 0       ; 0         ; 0    ; 0            ; |top_fpga|myuart:myuart_inst|myuart_tx:inst_myuart_tx                                                                                                                                                                                                                                                                                          ; work         ;
;       |speed_select:inst_rx|                                                                            ; 21 (21)           ; 14 (14)      ; 0           ; 0            ; 0       ; 0         ; 0    ; 0            ; |top_fpga|myuart:myuart_inst|speed_select:inst_rx                                                                                                                                                                                                                                                                                              ; work         ;
;       |speed_select:inst_tx|                                                                            ; 21 (21)           ; 14 (14)      ; 0           ; 0            ; 0       ; 0         ; 0    ; 0            ; |top_fpga|myuart:myuart_inst|speed_select:inst_tx                                                                                                                                                                                                                                                                                              ; work         ;
;    |sld_hub:auto_hub|                                                                                   ; 122 (1)           ; 90 (0)       ; 0           ; 0            ; 0       ; 0         ; 0    ; 0            ; |top_fpga|sld_hub:auto_hub                                                                                                                                                                                                                                                                                                                     ; work         ;
;       |sld_jtag_hub:\jtag_hub_gen:sld_jtag_hub_inst|                                                    ; 121 (83)          ; 90 (62)      ; 0           ; 0            ; 0       ; 0         ; 0    ; 0            ; |top_fpga|sld_hub:auto_hub|sld_jtag_hub:\jtag_hub_gen:sld_jtag_hub_inst                                                                                                                                                                                                                                                                        ; work         ;
;          |sld_rom_sr:hub_info_reg|                                                                      ; 21 (21)           ; 9 (9)        ; 0           ; 0            ; 0       ; 0         ; 0    ; 0            ; |top_fpga|sld_hub:auto_hub|sld_jtag_hub:\jtag_hub_gen:sld_jtag_hub_inst|sld_rom_sr:hub_info_reg                                                                                                                                                                                                                                                ; work         ;
;          |sld_shadow_jsm:shadow_jsm|                                                                    ; 17 (17)           ; 19 (19)      ; 0           ; 0            ; 0       ; 0         ; 0    ; 0            ; |top_fpga|sld_hub:auto_hub|sld_jtag_hub:\jtag_hub_gen:sld_jtag_hub_inst|sld_shadow_jsm:shadow_jsm                                                                                                                                                                                                                                              ; work         ;
;    |sld_signaltap:auto_signaltap_0|                                                                     ; 329 (1)           ; 463 (32)     ; 2048        ; 0            ; 0       ; 0         ; 0    ; 0            ; |top_fpga|sld_signaltap:auto_signaltap_0                                                                                                                                                                                                                                                                                                       ; work         ;
;       |sld_signaltap_impl:sld_signaltap_body|                                                           ; 328 (0)           ; 431 (0)      ; 2048        ; 0            ; 0       ; 0         ; 0    ; 0            ; |top_fpga|sld_signaltap:auto_signaltap_0|sld_signaltap_impl:sld_signaltap_body                                                                                                                                                                                                                                                                 ; work         ;
;          |sld_signaltap_implb:sld_signaltap_body|                                                       ; 328 (88)          ; 431 (138)    ; 2048        ; 0            ; 0       ; 0         ; 0    ; 0            ; |top_fpga|sld_signaltap:auto_signaltap_0|sld_signaltap_impl:sld_signaltap_body|sld_signaltap_implb:sld_signaltap_body                                                                                                                                                                                                                          ; work         ;
;             |altdpram:\stp_non_zero_ram_gen:attribute_mem_gen:attribute_mem|                            ; 17 (0)            ; 46 (46)      ; 0           ; 0            ; 0       ; 0         ; 0    ; 0            ; |top_fpga|sld_signaltap:auto_signaltap_0|sld_signaltap_impl:sld_signaltap_body|sld_signaltap_implb:sld_signaltap_body|altdpram:\stp_non_zero_ram_gen:attribute_mem_gen:attribute_mem                                                                                                                                                           ; work         ;
;                |lpm_decode:wdecoder|                                                                    ; 2 (0)             ; 0 (0)        ; 0           ; 0            ; 0       ; 0         ; 0    ; 0            ; |top_fpga|sld_signaltap:auto_signaltap_0|sld_signaltap_impl:sld_signaltap_body|sld_signaltap_implb:sld_signaltap_body|altdpram:\stp_non_zero_ram_gen:attribute_mem_gen:attribute_mem|lpm_decode:wdecoder                                                                                                                                       ; work         ;
;                   |decode_dvf:auto_generated|                                                           ; 2 (2)             ; 0 (0)        ; 0           ; 0            ; 0       ; 0         ; 0    ; 0            ; |top_fpga|sld_signaltap:auto_signaltap_0|sld_signaltap_impl:sld_signaltap_body|sld_signaltap_implb:sld_signaltap_body|altdpram:\stp_non_zero_ram_gen:attribute_mem_gen:attribute_mem|lpm_decode:wdecoder|decode_dvf:auto_generated                                                                                                             ; work         ;
;                |lpm_mux:mux|                                                                            ; 15 (0)            ; 0 (0)        ; 0           ; 0            ; 0       ; 0         ; 0    ; 0            ; |top_fpga|sld_signaltap:auto_signaltap_0|sld_signaltap_impl:sld_signaltap_body|sld_signaltap_implb:sld_signaltap_body|altdpram:\stp_non_zero_ram_gen:attribute_mem_gen:attribute_mem|lpm_mux:mux                                                                                                                                               ; work         ;
;                   |mux_ssc:auto_generated|                                                              ; 15 (15)           ; 0 (0)        ; 0           ; 0            ; 0       ; 0         ; 0    ; 0            ; |top_fpga|sld_signaltap:auto_signaltap_0|sld_signaltap_impl:sld_signaltap_body|sld_signaltap_implb:sld_signaltap_body|altdpram:\stp_non_zero_ram_gen:attribute_mem_gen:attribute_mem|lpm_mux:mux|mux_ssc:auto_generated                                                                                                                        ; work         ;
;             |altsyncram:\stp_non_zero_ram_gen:stp_buffer_ram|                                           ; 0 (0)             ; 0 (0)        ; 2048        ; 0            ; 0       ; 0         ; 0    ; 0            ; |top_fpga|sld_signaltap:auto_signaltap_0|sld_signaltap_impl:sld_signaltap_body|sld_signaltap_implb:sld_signaltap_body|altsyncram:\stp_non_zero_ram_gen:stp_buffer_ram                                                                                                                                                                          ; work         ;
;                |altsyncram_eu14:auto_generated|                                                         ; 0 (0)             ; 0 (0)        ; 2048        ; 0            ; 0       ; 0         ; 0    ; 0            ; |top_fpga|sld_signaltap:auto_signaltap_0|sld_signaltap_impl:sld_signaltap_body|sld_signaltap_implb:sld_signaltap_body|altsyncram:\stp_non_zero_ram_gen:stp_buffer_ram|altsyncram_eu14:auto_generated                                                                                                                                           ; work         ;
;             |lpm_shiftreg:segment_offset_config_deserialize|                                            ; 0 (0)             ; 7 (7)        ; 0           ; 0            ; 0       ; 0         ; 0    ; 0            ; |top_fpga|sld_signaltap:auto_signaltap_0|sld_signaltap_impl:sld_signaltap_body|sld_signaltap_implb:sld_signaltap_body|lpm_shiftreg:segment_offset_config_deserialize                                                                                                                                                                           ; work         ;
;             |lpm_shiftreg:status_register|                                                              ; 17 (17)           ; 17 (17)      ; 0           ; 0            ; 0       ; 0         ; 0    ; 0            ; |top_fpga|sld_signaltap:auto_signaltap_0|sld_signaltap_impl:sld_signaltap_body|sld_signaltap_implb:sld_signaltap_body|lpm_shiftreg:status_register                                                                                                                                                                                             ; work         ;
;             |serial_crc_16:\tdo_crc_gen:tdo_crc_calc|                                                   ; 14 (14)           ; 13 (13)      ; 0           ; 0            ; 0       ; 0         ; 0    ; 0            ; |top_fpga|sld_signaltap:auto_signaltap_0|sld_signaltap_impl:sld_signaltap_body|sld_signaltap_implb:sld_signaltap_body|serial_crc_16:\tdo_crc_gen:tdo_crc_calc                                                                                                                                                                                  ; work         ;
;             |sld_buffer_manager:sld_buffer_manager_inst|                                                ; 59 (59)           ; 44 (44)      ; 0           ; 0            ; 0       ; 0         ; 0    ; 0            ; |top_fpga|sld_signaltap:auto_signaltap_0|sld_signaltap_impl:sld_signaltap_body|sld_signaltap_implb:sld_signaltap_body|sld_buffer_manager:sld_buffer_manager_inst                                                                                                                                                                               ; work         ;
;             |sld_ela_control:ela_control|                                                               ; 39 (1)            ; 96 (1)       ; 0           ; 0            ; 0       ; 0         ; 0    ; 0            ; |top_fpga|sld_signaltap:auto_signaltap_0|sld_signaltap_impl:sld_signaltap_body|sld_signaltap_implb:sld_signaltap_body|sld_ela_control:ela_control                                                                                                                                                                                              ; work         ;
;                |lpm_shiftreg:trigger_config_deserialize|                                                ; 0 (0)             ; 4 (4)        ; 0           ; 0            ; 0       ; 0         ; 0    ; 0            ; |top_fpga|sld_signaltap:auto_signaltap_0|sld_signaltap_impl:sld_signaltap_body|sld_signaltap_implb:sld_signaltap_body|sld_ela_control:ela_control|lpm_shiftreg:trigger_config_deserialize                                                                                                                                                      ; work         ;
;                |sld_ela_basic_multi_level_trigger:\basic_multi_level_mbpm_trigger_gen:multi_level_mbpm| ; 32 (0)            ; 80 (0)       ; 0           ; 0            ; 0       ; 0         ; 0    ; 0            ; |top_fpga|sld_signaltap:auto_signaltap_0|sld_signaltap_impl:sld_signaltap_body|sld_signaltap_implb:sld_signaltap_body|sld_ela_control:ela_control|sld_ela_basic_multi_level_trigger:\basic_multi_level_mbpm_trigger_gen:multi_level_mbpm                                                                                                       ; work         ;
;                   |lpm_shiftreg:trigger_condition_deserialize|                                          ; 0 (0)             ; 48 (48)      ; 0           ; 0            ; 0       ; 0         ; 0    ; 0            ; |top_fpga|sld_signaltap:auto_signaltap_0|sld_signaltap_impl:sld_signaltap_body|sld_signaltap_implb:sld_signaltap_body|sld_ela_control:ela_control|sld_ela_basic_multi_level_trigger:\basic_multi_level_mbpm_trigger_gen:multi_level_mbpm|lpm_shiftreg:trigger_condition_deserialize                                                            ; work         ;
;                   |sld_mbpmg:\trigger_modules_gen:0:trigger_match|                                      ; 32 (0)            ; 32 (0)       ; 0           ; 0            ; 0       ; 0         ; 0    ; 0            ; |top_fpga|sld_signaltap:auto_signaltap_0|sld_signaltap_impl:sld_signaltap_body|sld_signaltap_implb:sld_signaltap_body|sld_ela_control:ela_control|sld_ela_basic_multi_level_trigger:\basic_multi_level_mbpm_trigger_gen:multi_level_mbpm|sld_mbpmg:\trigger_modules_gen:0:trigger_match                                                        ; work         ;
;                      |sld_sbpmg:\gen_sbpmg_pipeline_less_than_two:sm0:0:sm1|                            ; 2 (2)             ; 2 (2)        ; 0           ; 0            ; 0       ; 0         ; 0    ; 0            ; |top_fpga|sld_signaltap:auto_signaltap_0|sld_signaltap_impl:sld_signaltap_body|sld_signaltap_implb:sld_signaltap_body|sld_ela_control:ela_control|sld_ela_basic_multi_level_trigger:\basic_multi_level_mbpm_trigger_gen:multi_level_mbpm|sld_mbpmg:\trigger_modules_gen:0:trigger_match|sld_sbpmg:\gen_sbpmg_pipeline_less_than_two:sm0:0:sm1  ; work         ;
;                      |sld_sbpmg:\gen_sbpmg_pipeline_less_than_two:sm0:10:sm1|                           ; 2 (2)             ; 2 (2)        ; 0           ; 0            ; 0       ; 0         ; 0    ; 0            ; |top_fpga|sld_signaltap:auto_signaltap_0|sld_signaltap_impl:sld_signaltap_body|sld_signaltap_implb:sld_signaltap_body|sld_ela_control:ela_control|sld_ela_basic_multi_level_trigger:\basic_multi_level_mbpm_trigger_gen:multi_level_mbpm|sld_mbpmg:\trigger_modules_gen:0:trigger_match|sld_sbpmg:\gen_sbpmg_pipeline_less_than_two:sm0:10:sm1 ; work         ;
;                      |sld_sbpmg:\gen_sbpmg_pipeline_less_than_two:sm0:11:sm1|                           ; 2 (2)             ; 2 (2)        ; 0           ; 0            ; 0       ; 0         ; 0    ; 0            ; |top_fpga|sld_signaltap:auto_signaltap_0|sld_signaltap_impl:sld_signaltap_body|sld_signaltap_implb:sld_signaltap_body|sld_ela_control:ela_control|sld_ela_basic_multi_level_trigger:\basic_multi_level_mbpm_trigger_gen:multi_level_mbpm|sld_mbpmg:\trigger_modules_gen:0:trigger_match|sld_sbpmg:\gen_sbpmg_pipeline_less_than_two:sm0:11:sm1 ; work         ;
;                      |sld_sbpmg:\gen_sbpmg_pipeline_less_than_two:sm0:12:sm1|                           ; 2 (2)             ; 2 (2)        ; 0           ; 0            ; 0       ; 0         ; 0    ; 0            ; |top_fpga|sld_signaltap:auto_signaltap_0|sld_signaltap_impl:sld_signaltap_body|sld_signaltap_implb:sld_signaltap_body|sld_ela_control:ela_control|sld_ela_basic_multi_level_trigger:\basic_multi_level_mbpm_trigger_gen:multi_level_mbpm|sld_mbpmg:\trigger_modules_gen:0:trigger_match|sld_sbpmg:\gen_sbpmg_pipeline_less_than_two:sm0:12:sm1 ; work         ;
;                      |sld_sbpmg:\gen_sbpmg_pipeline_less_than_two:sm0:13:sm1|                           ; 2 (2)             ; 2 (2)        ; 0           ; 0            ; 0       ; 0         ; 0    ; 0            ; |top_fpga|sld_signaltap:auto_signaltap_0|sld_signaltap_impl:sld_signaltap_body|sld_signaltap_implb:sld_signaltap_body|sld_ela_control:ela_control|sld_ela_basic_multi_level_trigger:\basic_multi_level_mbpm_trigger_gen:multi_level_mbpm|sld_mbpmg:\trigger_modules_gen:0:trigger_match|sld_sbpmg:\gen_sbpmg_pipeline_less_than_two:sm0:13:sm1 ; work         ;
;                      |sld_sbpmg:\gen_sbpmg_pipeline_less_than_two:sm0:14:sm1|                           ; 2 (2)             ; 2 (2)        ; 0           ; 0            ; 0       ; 0         ; 0    ; 0            ; |top_fpga|sld_signaltap:auto_signaltap_0|sld_signaltap_impl:sld_signaltap_body|sld_signaltap_implb:sld_signaltap_body|sld_ela_control:ela_control|sld_ela_basic_multi_level_trigger:\basic_multi_level_mbpm_trigger_gen:multi_level_mbpm|sld_mbpmg:\trigger_modules_gen:0:trigger_match|sld_sbpmg:\gen_sbpmg_pipeline_less_than_two:sm0:14:sm1 ; work         ;
;                      |sld_sbpmg:\gen_sbpmg_pipeline_less_than_two:sm0:15:sm1|                           ; 2 (2)             ; 2 (2)        ; 0           ; 0            ; 0       ; 0         ; 0    ; 0            ; |top_fpga|sld_signaltap:auto_signaltap_0|sld_signaltap_impl:sld_signaltap_body|sld_signaltap_implb:sld_signaltap_body|sld_ela_control:ela_control|sld_ela_basic_multi_level_trigger:\basic_multi_level_mbpm_trigger_gen:multi_level_mbpm|sld_mbpmg:\trigger_modules_gen:0:trigger_match|sld_sbpmg:\gen_sbpmg_pipeline_less_than_two:sm0:15:sm1 ; work         ;
;                      |sld_sbpmg:\gen_sbpmg_pipeline_less_than_two:sm0:1:sm1|                            ; 2 (2)             ; 2 (2)        ; 0           ; 0            ; 0       ; 0         ; 0    ; 0            ; |top_fpga|sld_signaltap:auto_signaltap_0|sld_signaltap_impl:sld_signaltap_body|sld_signaltap_implb:sld_signaltap_body|sld_ela_control:ela_control|sld_ela_basic_multi_level_trigger:\basic_multi_level_mbpm_trigger_gen:multi_level_mbpm|sld_mbpmg:\trigger_modules_gen:0:trigger_match|sld_sbpmg:\gen_sbpmg_pipeline_less_than_two:sm0:1:sm1  ; work         ;
;                      |sld_sbpmg:\gen_sbpmg_pipeline_less_than_two:sm0:2:sm1|                            ; 2 (2)             ; 2 (2)        ; 0           ; 0            ; 0       ; 0         ; 0    ; 0            ; |top_fpga|sld_signaltap:auto_signaltap_0|sld_signaltap_impl:sld_signaltap_body|sld_signaltap_implb:sld_signaltap_body|sld_ela_control:ela_control|sld_ela_basic_multi_level_trigger:\basic_multi_level_mbpm_trigger_gen:multi_level_mbpm|sld_mbpmg:\trigger_modules_gen:0:trigger_match|sld_sbpmg:\gen_sbpmg_pipeline_less_than_two:sm0:2:sm1  ; work         ;
;                      |sld_sbpmg:\gen_sbpmg_pipeline_less_than_two:sm0:3:sm1|                            ; 2 (2)             ; 2 (2)        ; 0           ; 0            ; 0       ; 0         ; 0    ; 0            ; |top_fpga|sld_signaltap:auto_signaltap_0|sld_signaltap_impl:sld_signaltap_body|sld_signaltap_implb:sld_signaltap_body|sld_ela_control:ela_control|sld_ela_basic_multi_level_trigger:\basic_multi_level_mbpm_trigger_gen:multi_level_mbpm|sld_mbpmg:\trigger_modules_gen:0:trigger_match|sld_sbpmg:\gen_sbpmg_pipeline_less_than_two:sm0:3:sm1  ; work         ;
;                      |sld_sbpmg:\gen_sbpmg_pipeline_less_than_two:sm0:4:sm1|                            ; 2 (2)             ; 2 (2)        ; 0           ; 0            ; 0       ; 0         ; 0    ; 0            ; |top_fpga|sld_signaltap:auto_signaltap_0|sld_signaltap_impl:sld_signaltap_body|sld_signaltap_implb:sld_signaltap_body|sld_ela_control:ela_control|sld_ela_basic_multi_level_trigger:\basic_multi_level_mbpm_trigger_gen:multi_level_mbpm|sld_mbpmg:\trigger_modules_gen:0:trigger_match|sld_sbpmg:\gen_sbpmg_pipeline_less_than_two:sm0:4:sm1  ; work         ;
;                      |sld_sbpmg:\gen_sbpmg_pipeline_less_than_two:sm0:5:sm1|                            ; 2 (2)             ; 2 (2)        ; 0           ; 0            ; 0       ; 0         ; 0    ; 0            ; |top_fpga|sld_signaltap:auto_signaltap_0|sld_signaltap_impl:sld_signaltap_body|sld_signaltap_implb:sld_signaltap_body|sld_ela_control:ela_control|sld_ela_basic_multi_level_trigger:\basic_multi_level_mbpm_trigger_gen:multi_level_mbpm|sld_mbpmg:\trigger_modules_gen:0:trigger_match|sld_sbpmg:\gen_sbpmg_pipeline_less_than_two:sm0:5:sm1  ; work         ;
;                      |sld_sbpmg:\gen_sbpmg_pipeline_less_than_two:sm0:6:sm1|                            ; 2 (2)             ; 2 (2)        ; 0           ; 0            ; 0       ; 0         ; 0    ; 0            ; |top_fpga|sld_signaltap:auto_signaltap_0|sld_signaltap_impl:sld_signaltap_body|sld_signaltap_implb:sld_signaltap_body|sld_ela_control:ela_control|sld_ela_basic_multi_level_trigger:\basic_multi_level_mbpm_trigger_gen:multi_level_mbpm|sld_mbpmg:\trigger_modules_gen:0:trigger_match|sld_sbpmg:\gen_sbpmg_pipeline_less_than_two:sm0:6:sm1  ; work         ;
;                      |sld_sbpmg:\gen_sbpmg_pipeline_less_than_two:sm0:7:sm1|                            ; 2 (2)             ; 2 (2)        ; 0           ; 0            ; 0       ; 0         ; 0    ; 0            ; |top_fpga|sld_signaltap:auto_signaltap_0|sld_signaltap_impl:sld_signaltap_body|sld_signaltap_implb:sld_signaltap_body|sld_ela_control:ela_control|sld_ela_basic_multi_level_trigger:\basic_multi_level_mbpm_trigger_gen:multi_level_mbpm|sld_mbpmg:\trigger_modules_gen:0:trigger_match|sld_sbpmg:\gen_sbpmg_pipeline_less_than_two:sm0:7:sm1  ; work         ;
;                      |sld_sbpmg:\gen_sbpmg_pipeline_less_than_two:sm0:8:sm1|                            ; 2 (2)             ; 2 (2)        ; 0           ; 0            ; 0       ; 0         ; 0    ; 0            ; |top_fpga|sld_signaltap:auto_signaltap_0|sld_signaltap_impl:sld_signaltap_body|sld_signaltap_implb:sld_signaltap_body|sld_ela_control:ela_control|sld_ela_basic_multi_level_trigger:\basic_multi_level_mbpm_trigger_gen:multi_level_mbpm|sld_mbpmg:\trigger_modules_gen:0:trigger_match|sld_sbpmg:\gen_sbpmg_pipeline_less_than_two:sm0:8:sm1  ; work         ;
;                      |sld_sbpmg:\gen_sbpmg_pipeline_less_than_two:sm0:9:sm1|                            ; 2 (2)             ; 2 (2)        ; 0           ; 0            ; 0       ; 0         ; 0    ; 0            ; |top_fpga|sld_signaltap:auto_signaltap_0|sld_signaltap_impl:sld_signaltap_body|sld_signaltap_implb:sld_signaltap_body|sld_ela_control:ela_control|sld_ela_basic_multi_level_trigger:\basic_multi_level_mbpm_trigger_gen:multi_level_mbpm|sld_mbpmg:\trigger_modules_gen:0:trigger_match|sld_sbpmg:\gen_sbpmg_pipeline_less_than_two:sm0:9:sm1  ; work         ;
;                |sld_ela_trigger_flow_mgr:\builtin:ela_trigger_flow_mgr_entity|                          ; 6 (6)             ; 11 (1)       ; 0           ; 0            ; 0       ; 0         ; 0    ; 0            ; |top_fpga|sld_signaltap:auto_signaltap_0|sld_signaltap_impl:sld_signaltap_body|sld_signaltap_implb:sld_signaltap_body|sld_ela_control:ela_control|sld_ela_trigger_flow_mgr:\builtin:ela_trigger_flow_mgr_entity                                                                                                                                ; work         ;
;                   |lpm_shiftreg:trigger_config_deserialize|                                             ; 0 (0)             ; 10 (10)      ; 0           ; 0            ; 0       ; 0         ; 0    ; 0            ; |top_fpga|sld_signaltap:auto_signaltap_0|sld_signaltap_impl:sld_signaltap_body|sld_signaltap_implb:sld_signaltap_body|sld_ela_control:ela_control|sld_ela_trigger_flow_mgr:\builtin:ela_trigger_flow_mgr_entity|lpm_shiftreg:trigger_config_deserialize                                                                                        ; work         ;
;             |sld_offload_buffer_mgr:\stp_non_zero_depth_offload_gen:stp_offload_buff_mgr_inst|          ; 75 (9)            ; 62 (0)       ; 0           ; 0            ; 0       ; 0         ; 0    ; 0            ; |top_fpga|sld_signaltap:auto_signaltap_0|sld_signaltap_impl:sld_signaltap_body|sld_signaltap_implb:sld_signaltap_body|sld_offload_buffer_mgr:\stp_non_zero_depth_offload_gen:stp_offload_buff_mgr_inst                                                                                                                                         ; work         ;
;                |lpm_counter:\adv_point_3_and_more:advance_pointer_counter|                              ; 4 (0)             ; 4 (0)        ; 0           ; 0            ; 0       ; 0         ; 0    ; 0            ; |top_fpga|sld_signaltap:auto_signaltap_0|sld_signaltap_impl:sld_signaltap_body|sld_signaltap_implb:sld_signaltap_body|sld_offload_buffer_mgr:\stp_non_zero_depth_offload_gen:stp_offload_buff_mgr_inst|lpm_counter:\adv_point_3_and_more:advance_pointer_counter                                                                               ; work         ;
;                   |cntr_fgi:auto_generated|                                                             ; 4 (4)             ; 4 (4)        ; 0           ; 0            ; 0       ; 0         ; 0    ; 0            ; |top_fpga|sld_signaltap:auto_signaltap_0|sld_signaltap_impl:sld_signaltap_body|sld_signaltap_implb:sld_signaltap_body|sld_offload_buffer_mgr:\stp_non_zero_depth_offload_gen:stp_offload_buff_mgr_inst|lpm_counter:\adv_point_3_and_more:advance_pointer_counter|cntr_fgi:auto_generated                                                       ; work         ;
;                |lpm_counter:read_pointer_counter|                                                       ; 7 (0)             ; 7 (0)        ; 0           ; 0            ; 0       ; 0         ; 0    ; 0            ; |top_fpga|sld_signaltap:auto_signaltap_0|sld_signaltap_impl:sld_signaltap_body|sld_signaltap_implb:sld_signaltap_body|sld_offload_buffer_mgr:\stp_non_zero_depth_offload_gen:stp_offload_buff_mgr_inst|lpm_counter:read_pointer_counter                                                                                                        ; work         ;
;                   |cntr_i6j:auto_generated|                                                             ; 7 (7)             ; 7 (7)        ; 0           ; 0            ; 0       ; 0         ; 0    ; 0            ; |top_fpga|sld_signaltap:auto_signaltap_0|sld_signaltap_impl:sld_signaltap_body|sld_signaltap_implb:sld_signaltap_body|sld_offload_buffer_mgr:\stp_non_zero_depth_offload_gen:stp_offload_buff_mgr_inst|lpm_counter:read_pointer_counter|cntr_i6j:auto_generated                                                                                ; work         ;
;                |lpm_counter:status_advance_pointer_counter|                                             ; 6 (0)             ; 4 (0)        ; 0           ; 0            ; 0       ; 0         ; 0    ; 0            ; |top_fpga|sld_signaltap:auto_signaltap_0|sld_signaltap_impl:sld_signaltap_body|sld_signaltap_implb:sld_signaltap_body|sld_offload_buffer_mgr:\stp_non_zero_depth_offload_gen:stp_offload_buff_mgr_inst|lpm_counter:status_advance_pointer_counter                                                                                              ; work         ;
;                   |cntr_egi:auto_generated|                                                             ; 6 (6)             ; 4 (4)        ; 0           ; 0            ; 0       ; 0         ; 0    ; 0            ; |top_fpga|sld_signaltap:auto_signaltap_0|sld_signaltap_impl:sld_signaltap_body|sld_signaltap_implb:sld_signaltap_body|sld_offload_buffer_mgr:\stp_non_zero_depth_offload_gen:stp_offload_buff_mgr_inst|lpm_counter:status_advance_pointer_counter|cntr_egi:auto_generated                                                                      ; work         ;
;                |lpm_counter:status_read_pointer_counter|                                                ; 3 (0)             ; 1 (0)        ; 0           ; 0            ; 0       ; 0         ; 0    ; 0            ; |top_fpga|sld_signaltap:auto_signaltap_0|sld_signaltap_impl:sld_signaltap_body|sld_signaltap_implb:sld_signaltap_body|sld_offload_buffer_mgr:\stp_non_zero_depth_offload_gen:stp_offload_buff_mgr_inst|lpm_counter:status_read_pointer_counter                                                                                                 ; work         ;
;                   |cntr_23j:auto_generated|                                                             ; 3 (3)             ; 1 (1)        ; 0           ; 0            ; 0       ; 0         ; 0    ; 0            ; |top_fpga|sld_signaltap:auto_signaltap_0|sld_signaltap_impl:sld_signaltap_body|sld_signaltap_implb:sld_signaltap_body|sld_offload_buffer_mgr:\stp_non_zero_depth_offload_gen:stp_offload_buff_mgr_inst|lpm_counter:status_read_pointer_counter|cntr_23j:auto_generated                                                                         ; work         ;
;                |lpm_shiftreg:info_data_shift_out|                                                       ; 15 (15)           ; 15 (15)      ; 0           ; 0            ; 0       ; 0         ; 0    ; 0            ; |top_fpga|sld_signaltap:auto_signaltap_0|sld_signaltap_impl:sld_signaltap_body|sld_signaltap_implb:sld_signaltap_body|sld_offload_buffer_mgr:\stp_non_zero_depth_offload_gen:stp_offload_buff_mgr_inst|lpm_shiftreg:info_data_shift_out                                                                                                        ; work         ;
;                |lpm_shiftreg:ram_data_shift_out|                                                        ; 16 (16)           ; 16 (16)      ; 0           ; 0            ; 0       ; 0         ; 0    ; 0            ; |top_fpga|sld_signaltap:auto_signaltap_0|sld_signaltap_impl:sld_signaltap_body|sld_signaltap_implb:sld_signaltap_body|sld_offload_buffer_mgr:\stp_non_zero_depth_offload_gen:stp_offload_buff_mgr_inst|lpm_shiftreg:ram_data_shift_out                                                                                                         ; work         ;
;                |lpm_shiftreg:status_data_shift_out|                                                     ; 15 (15)           ; 15 (15)      ; 0           ; 0            ; 0       ; 0         ; 0    ; 0            ; |top_fpga|sld_signaltap:auto_signaltap_0|sld_signaltap_impl:sld_signaltap_body|sld_signaltap_implb:sld_signaltap_body|sld_offload_buffer_mgr:\stp_non_zero_depth_offload_gen:stp_offload_buff_mgr_inst|lpm_shiftreg:status_data_shift_out                                                                                                      ; work         ;
;             |sld_rom_sr:crc_rom_sr|                                                                     ; 19 (19)           ; 8 (8)        ; 0           ; 0            ; 0       ; 0         ; 0    ; 0            ; |top_fpga|sld_signaltap:auto_signaltap_0|sld_signaltap_impl:sld_signaltap_body|sld_signaltap_implb:sld_signaltap_body|sld_rom_sr:crc_rom_sr                                                                                                                                                                                                    ; work         ;
+---------------------------------------------------------------------------------------------------------+-------------------+--------------+-------------+--------------+---------+-----------+------+--------------+------------------------------------------------------------------------------------------------------------------------------------------------------------------------------------------------------------------------------------------------------------------------------------------------------------------------------------------------+--------------+
Note: For table entries with two numbers listed, the numbers in parentheses indicate the number of resources of the given type used by the specific entity alone. The numbers listed outside of parentheses indicate the total resources of the given type used by the specific entity and all of its sub-entities in the hierarchy.


+-----------------------------------------------------------------------------------------------------------------------------------------------------------------------------------------------------------------------------------------------------------------------------------------------------------+
; Analysis & Synthesis RAM Summary                                                                                                                                                                                                                                                                          ;
+-------------------------------------------------------------------------------------------------------------------------------------------------------------------------------------------------------+------+------------------+--------------+--------------+--------------+--------------+------+------+
; Name                                                                                                                                                                                                  ; Type ; Mode             ; Port A Depth ; Port A Width ; Port B Depth ; Port B Width ; Size ; MIF  ;
+-------------------------------------------------------------------------------------------------------------------------------------------------------------------------------------------------------+------+------------------+--------------+--------------+--------------+--------------+------+------+
; sld_signaltap:auto_signaltap_0|sld_signaltap_impl:sld_signaltap_body|sld_signaltap_implb:sld_signaltap_body|altsyncram:\stp_non_zero_ram_gen:stp_buffer_ram|altsyncram_eu14:auto_generated|ALTSYNCRAM ; AUTO ; Simple Dual Port ; 128          ; 16           ; 128          ; 16           ; 2048 ; None ;
+-------------------------------------------------------------------------------------------------------------------------------------------------------------------------------------------------------+------+------------------+--------------+--------------+--------------+--------------+------+------+


+---------------------------------------------------------------------------------------------------------------------------------------+
; Registers Removed During Synthesis                                                                                                    ;
+----------------------------------------------------------------+----------------------------------------------------------------------+
; Register name                                                  ; Reason for Removal                                                   ;
+----------------------------------------------------------------+----------------------------------------------------------------------+
; myuart:myuart_inst|myuart_tx:inst_myuart_tx|bps_start~en       ; Lost fanout                                                          ;
; myuart:myuart_inst|myuart_rx:inst_myuart_rx|bps_start~en       ; Lost fanout                                                          ;
; myuart:myuart_inst|myuart_tx:inst_myuart_tx|tx_data_r[1,3,6]   ; Merged with myuart:myuart_inst|myuart_tx:inst_myuart_tx|tx_en        ;
; myuart:myuart_inst|myuart_tx:inst_myuart_tx|tx_data_r[0,2,4,5] ; Merged with myuart:myuart_inst|myuart_tx:inst_myuart_tx|tx_data_r[7] ;
; myuart:myuart_inst|myuart_tx:inst_myuart_tx|tx_data_r[7]       ; Stuck at GND due to stuck port data_in                               ;
; Total Number of Removed Registers = 10                         ;                                                                      ;
+----------------------------------------------------------------+----------------------------------------------------------------------+


+------------------------------------------------------+
; General Register Statistics                          ;
+----------------------------------------------+-------+
; Statistic                                    ; Value ;
+----------------------------------------------+-------+
; Total registers                              ; 650   ;
; Number of registers using Synchronous Clear  ; 70    ;
; Number of registers using Synchronous Load   ; 58    ;
; Number of registers using Asynchronous Clear ; 267   ;
; Number of registers using Asynchronous Load  ; 0     ;
; Number of registers using Clock Enable       ; 335   ;
; Number of registers using Preset             ; 0     ;
+----------------------------------------------+-------+


+-----------------------------------------------------------------------------------------------------------------------------------------------------------------------------------------+
; Inverted Register Statistics                                                                                                                                                            ;
+-------------------------------------------------------------------------------------------------------------------------------------------------------------------------------+---------+
; Inverted Register                                                                                                                                                             ; Fan out ;
+-------------------------------------------------------------------------------------------------------------------------------------------------------------------------------+---------+
; myuart:myuart_inst|myuart_tx:inst_myuart_tx|uart_tx_r                                                                                                                         ; 2       ;
; myuart:myuart_inst|myuart_rx:inst_myuart_rx|rxd0                                                                                                                              ; 2       ;
; myuart:myuart_inst|myuart_rx:inst_myuart_rx|rxd1                                                                                                                              ; 2       ;
; myuart:myuart_inst|myuart_rx:inst_myuart_rx|rxd2                                                                                                                              ; 2       ;
; myuart:myuart_inst|myuart_rx:inst_myuart_rx|rxd3                                                                                                                              ; 1       ;
; sld_hub:auto_hub|sld_jtag_hub:\jtag_hub_gen:sld_jtag_hub_inst|tdo                                                                                                             ; 1       ;
; sld_hub:auto_hub|sld_jtag_hub:\jtag_hub_gen:sld_jtag_hub_inst|jtag_ir_reg[2]                                                                                                  ; 2       ;
; sld_hub:auto_hub|sld_jtag_hub:\jtag_hub_gen:sld_jtag_hub_inst|jtag_ir_reg[1]                                                                                                  ; 3       ;
; sld_signaltap:auto_signaltap_0|sld_signaltap_impl:sld_signaltap_body|sld_signaltap_implb:sld_signaltap_body|sld_buffer_manager:sld_buffer_manager_inst|modified_post_count[1] ; 1       ;
; sld_signaltap:auto_signaltap_0|sld_signaltap_impl:sld_signaltap_body|sld_signaltap_implb:sld_signaltap_body|sld_buffer_manager:sld_buffer_manager_inst|modified_post_count[2] ; 1       ;
; sld_signaltap:auto_signaltap_0|sld_signaltap_impl:sld_signaltap_body|sld_signaltap_implb:sld_signaltap_body|sld_buffer_manager:sld_buffer_manager_inst|modified_post_count[3] ; 1       ;
; sld_signaltap:auto_signaltap_0|sld_signaltap_impl:sld_signaltap_body|sld_signaltap_implb:sld_signaltap_body|sld_buffer_manager:sld_buffer_manager_inst|modified_post_count[4] ; 1       ;
; sld_signaltap:auto_signaltap_0|sld_signaltap_impl:sld_signaltap_body|sld_signaltap_implb:sld_signaltap_body|sld_buffer_manager:sld_buffer_manager_inst|modified_post_count[5] ; 1       ;
; sld_signaltap:auto_signaltap_0|sld_signaltap_impl:sld_signaltap_body|sld_signaltap_implb:sld_signaltap_body|sld_buffer_manager:sld_buffer_manager_inst|modified_post_count[6] ; 1       ;
; sld_signaltap:auto_signaltap_0|sld_signaltap_impl:sld_signaltap_body|sld_signaltap_implb:sld_signaltap_body|sld_buffer_manager:sld_buffer_manager_inst|modified_post_count[7] ; 1       ;
; sld_signaltap:auto_signaltap_0|sld_signaltap_impl:sld_signaltap_body|sld_signaltap_implb:sld_signaltap_body|trigger_out_mode_ff                                               ; 2       ;
; sld_signaltap:auto_signaltap_0|sld_signaltap_impl:sld_signaltap_body|sld_signaltap_implb:sld_signaltap_body|sld_buffer_manager:sld_buffer_manager_inst|modified_post_count[0] ; 1       ;
; Total number of inverted registers = 17                                                                                                                                       ;         ;
+-------------------------------------------------------------------------------------------------------------------------------------------------------------------------------+---------+


+----------------------------------------------------------------------------------------------------------------------------------------------------------------------------+
; Multiplexer Restructuring Statistics (Restructuring Performed)                                                                                                             ;
+--------------------+-----------+---------------+----------------------+------------------------+------------+--------------------------------------------------------------+
; Multiplexer Inputs ; Bus Width ; Baseline Area ; Area if Restructured ; Saving if Restructured ; Registered ; Example Multiplexer Output                                   ;
+--------------------+-----------+---------------+----------------------+------------------------+------------+--------------------------------------------------------------+
; 3:1                ; 4 bits    ; 8 LEs         ; 4 LEs                ; 4 LEs                  ; Yes        ; |top_fpga|myuart:myuart_inst|myuart_rx:inst_myuart_rx|num[3] ;
; 3:1                ; 4 bits    ; 8 LEs         ; 4 LEs                ; 4 LEs                  ; Yes        ; |top_fpga|myuart:myuart_inst|myuart_tx:inst_myuart_tx|num[3] ;
+--------------------+-----------+---------------+----------------------+------------------------+------------+--------------------------------------------------------------+


+------------------------------------------------------------------------------------------------------------------------------------------+
; Parameter Settings for Inferred Entity Instance: sld_signaltap:auto_signaltap_0                                                          ;
+-------------------------------------------------+-----------------------------------------------------------------------+----------------+
; Parameter Name                                  ; Value                                                                 ; Type           ;
+-------------------------------------------------+-----------------------------------------------------------------------+----------------+
; lpm_type                                        ; sld_signaltap                                                         ; String         ;
; sld_node_info                                   ; 805334528                                                             ; Untyped        ;
; SLD_IP_VERSION                                  ; 6                                                                     ; Signed Integer ;
; SLD_IP_MINOR_VERSION                            ; 0                                                                     ; Signed Integer ;
; SLD_COMMON_IP_VERSION                           ; 0                                                                     ; Signed Integer ;
; sld_data_bits                                   ; 16                                                                    ; Untyped        ;
; sld_trigger_bits                                ; 16                                                                    ; Untyped        ;
; SLD_NODE_CRC_BITS                               ; 32                                                                    ; Signed Integer ;
; sld_node_crc_hiword                             ; 60419                                                                 ; Untyped        ;
; sld_node_crc_loword                             ; 48877                                                                 ; Untyped        ;
; SLD_INCREMENTAL_ROUTING                         ; 0                                                                     ; Signed Integer ;
; sld_sample_depth                                ; 128                                                                   ; Untyped        ;
; sld_segment_size                                ; 128                                                                   ; Untyped        ;
; sld_ram_block_type                              ; AUTO                                                                  ; Untyped        ;
; sld_state_bits                                  ; 11                                                                    ; Untyped        ;
; sld_buffer_full_stop                            ; 1                                                                     ; Untyped        ;
; SLD_MEM_ADDRESS_BITS                            ; 7                                                                     ; Signed Integer ;
; SLD_DATA_BIT_CNTR_BITS                          ; 4                                                                     ; Signed Integer ;
; sld_trigger_level                               ; 1                                                                     ; Untyped        ;
; sld_trigger_in_enabled                          ; 0                                                                     ; Untyped        ;
; SLD_HPS_TRIGGER_IN_ENABLED                      ; 0                                                                     ; Signed Integer ;
; SLD_HPS_TRIGGER_OUT_ENABLED                     ; 0                                                                     ; Signed Integer ;
; SLD_HPS_EVENT_ENABLED                           ; 0                                                                     ; Signed Integer ;
; SLD_HPS_EVENT_ID                                ; 0                                                                     ; Signed Integer ;
; sld_advanced_trigger_entity                     ; basic,1,                                                              ; Untyped        ;
; sld_trigger_level_pipeline                      ; 1                                                                     ; Untyped        ;
; sld_enable_advanced_trigger                     ; 0                                                                     ; Untyped        ;
; SLD_ADVANCED_TRIGGER_1                          ; NONE                                                                  ; String         ;
; SLD_ADVANCED_TRIGGER_2                          ; NONE                                                                  ; String         ;
; SLD_ADVANCED_TRIGGER_3                          ; NONE                                                                  ; String         ;
; SLD_ADVANCED_TRIGGER_4                          ; NONE                                                                  ; String         ;
; SLD_ADVANCED_TRIGGER_5                          ; NONE                                                                  ; String         ;
; SLD_ADVANCED_TRIGGER_6                          ; NONE                                                                  ; String         ;
; SLD_ADVANCED_TRIGGER_7                          ; NONE                                                                  ; String         ;
; SLD_ADVANCED_TRIGGER_8                          ; NONE                                                                  ; String         ;
; SLD_ADVANCED_TRIGGER_9                          ; NONE                                                                  ; String         ;
; SLD_ADVANCED_TRIGGER_10                         ; NONE                                                                  ; String         ;
; sld_inversion_mask_length                       ; 69                                                                    ; Untyped        ;
; sld_inversion_mask                              ; 000000000000000000000000000000000000000000000000000000000000000000000 ; Untyped        ;
; sld_power_up_trigger                            ; 0                                                                     ; Untyped        ;
; SLD_STATE_FLOW_MGR_ENTITY                       ; state_flow_mgr_entity.vhd                                             ; String         ;
; sld_state_flow_use_generated                    ; 0                                                                     ; Untyped        ;
; sld_current_resource_width                      ; 1                                                                     ; Untyped        ;
; sld_attribute_mem_mode                          ; OFF                                                                   ; Untyped        ;
; SLD_STORAGE_QUALIFIER_BITS                      ; 1                                                                     ; Signed Integer ;
; SLD_STORAGE_QUALIFIER_GAP_RECORD                ; 0                                                                     ; Signed Integer ;
; SLD_STORAGE_QUALIFIER_MODE                      ; OFF                                                                   ; String         ;
; SLD_STORAGE_QUALIFIER_ENABLE_ADVANCED_CONDITION ; 0                                                                     ; Signed Integer ;
; sld_storage_qualifier_inversion_mask_length     ; 0                                                                     ; Untyped        ;
; SLD_STORAGE_QUALIFIER_ADVANCED_CONDITION_ENTITY ; basic                                                                 ; String         ;
; SLD_STORAGE_QUALIFIER_PIPELINE                  ; 0                                                                     ; Signed Integer ;
+-------------------------------------------------+-----------------------------------------------------------------------+----------------+
Note: In order to hide this table in the UI and the text report file, please set the "Show Parameter Settings in Synthesis Report" option in "Analysis and Synthesis Settings -> More Settings" to "Off".


+-------------------------------------------------------------------------+
; Port Connectivity Checks: "myuart:myuart_inst|myuart_tx:inst_myuart_tx" ;
+---------------+-------+----------+--------------------------------------+
; Port          ; Type  ; Severity ; Details                              ;
+---------------+-------+----------+--------------------------------------+
; data_in[5..4] ; Input ; Info     ; Stuck at GND                         ;
; data_in[7]    ; Input ; Info     ; Stuck at GND                         ;
; data_in[6]    ; Input ; Info     ; Stuck at VCC                         ;
; data_in[3]    ; Input ; Info     ; Stuck at VCC                         ;
; data_in[2]    ; Input ; Info     ; Stuck at GND                         ;
; data_in[1]    ; Input ; Info     ; Stuck at VCC                         ;
; data_in[0]    ; Input ; Info     ; Stuck at GND                         ;
+---------------+-------+----------+--------------------------------------+


+-------------------------------------------------------------------------------------------------------------------------------------------------------------------------------------------------------------------------------------------------------------------------+
; SignalTap II Logic Analyzer Settings                                                                                                                                                                                                                                    ;
+----------------+------------------+---------------------+------------------+--------------+----------+------------------------+----------------------+--------------------+-----------------------------+-----------------+------------------+--------------------------+
; Instance Index ; Instance Name    ; Trigger Input Width ; Data Input Width ; Sample Depth ; Segments ; Storage Qualifier Type ; Trigger Flow Control ; Trigger Conditions ; Advanced Trigger Conditions ; Trigger In Used ; Trigger Out Used ; Power-Up Trigger Enabled ;
+----------------+------------------+---------------------+------------------+--------------+----------+------------------------+----------------------+--------------------+-----------------------------+-----------------+------------------+--------------------------+
; 0              ; auto_signaltap_0 ; 16                  ; 16               ; 128          ; 1        ; continuous             ; sequential           ; 1                  ; 0                           ; no              ; no               ; no                       ;
+----------------+------------------+---------------------+------------------+--------------+----------+------------------------+----------------------+--------------------+-----------------------------+-----------------+------------------+--------------------------+


+-------------------------------+
; Elapsed Time Per Partition    ;
+----------------+--------------+
; Partition Name ; Elapsed Time ;
+----------------+--------------+
; Top            ; 00:00:00     ;
+----------------+--------------+


+--------------------------------------------------------------------------------------------------------------------------------------------------+
; Connections to In-System Debugging Instance "auto_signaltap_0"                                                                                   ;
+-------------+---------------+-----------+----------------+-------------------+---------------------------------------------------------+---------+
; Name        ; Type          ; Status    ; Partition Name ; Netlist Type Used ; Actual Connection                                       ; Details ;
+-------------+---------------+-----------+----------------+-------------------+---------------------------------------------------------+---------+
; clk         ; pre-synthesis ; connected ; Top            ; post-synthesis    ; clk                                                     ; N/A     ;
; dat_out[0]  ; pre-synthesis ; connected ; Top            ; post-synthesis    ; myuart:myuart_inst|myuart_rx:inst_myuart_rx|rx_data[0]  ; N/A     ;
; dat_out[0]  ; pre-synthesis ; connected ; Top            ; post-synthesis    ; myuart:myuart_inst|myuart_rx:inst_myuart_rx|rx_data[0]  ; N/A     ;
; dat_out[10] ; pre-synthesis ; connected ; Top            ; post-synthesis    ; myuart:myuart_inst|myuart_rx:inst_myuart_rx|rx_data[10] ; N/A     ;
; dat_out[10] ; pre-synthesis ; connected ; Top            ; post-synthesis    ; myuart:myuart_inst|myuart_rx:inst_myuart_rx|rx_data[10] ; N/A     ;
; dat_out[11] ; pre-synthesis ; connected ; Top            ; post-synthesis    ; myuart:myuart_inst|myuart_rx:inst_myuart_rx|rx_data[11] ; N/A     ;
; dat_out[11] ; pre-synthesis ; connected ; Top            ; post-synthesis    ; myuart:myuart_inst|myuart_rx:inst_myuart_rx|rx_data[11] ; N/A     ;
; dat_out[12] ; pre-synthesis ; connected ; Top            ; post-synthesis    ; myuart:myuart_inst|myuart_rx:inst_myuart_rx|rx_data[12] ; N/A     ;
; dat_out[12] ; pre-synthesis ; connected ; Top            ; post-synthesis    ; myuart:myuart_inst|myuart_rx:inst_myuart_rx|rx_data[12] ; N/A     ;
; dat_out[13] ; pre-synthesis ; connected ; Top            ; post-synthesis    ; myuart:myuart_inst|myuart_rx:inst_myuart_rx|rx_data[13] ; N/A     ;
; dat_out[13] ; pre-synthesis ; connected ; Top            ; post-synthesis    ; myuart:myuart_inst|myuart_rx:inst_myuart_rx|rx_data[13] ; N/A     ;
; dat_out[14] ; pre-synthesis ; connected ; Top            ; post-synthesis    ; myuart:myuart_inst|myuart_rx:inst_myuart_rx|rx_data[14] ; N/A     ;
; dat_out[14] ; pre-synthesis ; connected ; Top            ; post-synthesis    ; myuart:myuart_inst|myuart_rx:inst_myuart_rx|rx_data[14] ; N/A     ;
; dat_out[15] ; pre-synthesis ; connected ; Top            ; post-synthesis    ; myuart:myuart_inst|myuart_rx:inst_myuart_rx|rx_data[15] ; N/A     ;
; dat_out[15] ; pre-synthesis ; connected ; Top            ; post-synthesis    ; myuart:myuart_inst|myuart_rx:inst_myuart_rx|rx_data[15] ; N/A     ;
; dat_out[1]  ; pre-synthesis ; connected ; Top            ; post-synthesis    ; myuart:myuart_inst|myuart_rx:inst_myuart_rx|rx_data[1]  ; N/A     ;
; dat_out[1]  ; pre-synthesis ; connected ; Top            ; post-synthesis    ; myuart:myuart_inst|myuart_rx:inst_myuart_rx|rx_data[1]  ; N/A     ;
; dat_out[2]  ; pre-synthesis ; connected ; Top            ; post-synthesis    ; myuart:myuart_inst|myuart_rx:inst_myuart_rx|rx_data[2]  ; N/A     ;
; dat_out[2]  ; pre-synthesis ; connected ; Top            ; post-synthesis    ; myuart:myuart_inst|myuart_rx:inst_myuart_rx|rx_data[2]  ; N/A     ;
; dat_out[3]  ; pre-synthesis ; connected ; Top            ; post-synthesis    ; myuart:myuart_inst|myuart_rx:inst_myuart_rx|rx_data[3]  ; N/A     ;
; dat_out[3]  ; pre-synthesis ; connected ; Top            ; post-synthesis    ; myuart:myuart_inst|myuart_rx:inst_myuart_rx|rx_data[3]  ; N/A     ;
; dat_out[4]  ; pre-synthesis ; connected ; Top            ; post-synthesis    ; myuart:myuart_inst|myuart_rx:inst_myuart_rx|rx_data[4]  ; N/A     ;
; dat_out[4]  ; pre-synthesis ; connected ; Top            ; post-synthesis    ; myuart:myuart_inst|myuart_rx:inst_myuart_rx|rx_data[4]  ; N/A     ;
; dat_out[5]  ; pre-synthesis ; connected ; Top            ; post-synthesis    ; myuart:myuart_inst|myuart_rx:inst_myuart_rx|rx_data[5]  ; N/A     ;
; dat_out[5]  ; pre-synthesis ; connected ; Top            ; post-synthesis    ; myuart:myuart_inst|myuart_rx:inst_myuart_rx|rx_data[5]  ; N/A     ;
; dat_out[6]  ; pre-synthesis ; connected ; Top            ; post-synthesis    ; myuart:myuart_inst|myuart_rx:inst_myuart_rx|rx_data[6]  ; N/A     ;
; dat_out[6]  ; pre-synthesis ; connected ; Top            ; post-synthesis    ; myuart:myuart_inst|myuart_rx:inst_myuart_rx|rx_data[6]  ; N/A     ;
; dat_out[7]  ; pre-synthesis ; connected ; Top            ; post-synthesis    ; myuart:myuart_inst|myuart_rx:inst_myuart_rx|rx_data[7]  ; N/A     ;
; dat_out[7]  ; pre-synthesis ; connected ; Top            ; post-synthesis    ; myuart:myuart_inst|myuart_rx:inst_myuart_rx|rx_data[7]  ; N/A     ;
; dat_out[8]  ; pre-synthesis ; connected ; Top            ; post-synthesis    ; myuart:myuart_inst|myuart_rx:inst_myuart_rx|rx_data[8]  ; N/A     ;
; dat_out[8]  ; pre-synthesis ; connected ; Top            ; post-synthesis    ; myuart:myuart_inst|myuart_rx:inst_myuart_rx|rx_data[8]  ; N/A     ;
; dat_out[9]  ; pre-synthesis ; connected ; Top            ; post-synthesis    ; myuart:myuart_inst|myuart_rx:inst_myuart_rx|rx_data[9]  ; N/A     ;
; dat_out[9]  ; pre-synthesis ; connected ; Top            ; post-synthesis    ; myuart:myuart_inst|myuart_rx:inst_myuart_rx|rx_data[9]  ; N/A     ;
+-------------+---------------+-----------+----------------+-------------------+---------------------------------------------------------+---------+


+-------------------------------+
; Analysis & Synthesis Messages ;
+-------------------------------+
Info: *******************************************************************
Info: Running Quartus II 64-Bit Analysis & Synthesis
    Info: Version 13.1.0 Build 162 10/23/2013 SJ Full Version
    Info: Processing started: Tue Apr 08 22:41:57 2025
Info: Command: quartus_map --read_settings_files=on --write_settings_files=off top_fpga -c top_fpga
Info (20030): Parallel compilation is enabled and will use 16 of the 16 processors detected
Info (12021): Found 1 design units, including 1 entities, in source file rtl/myuart/speed_select.v
    Info (12023): Found entity 1: speed_select
Info (12021): Found 1 design units, including 1 entities, in source file rtl/myuart/myuart_tx.v
    Info (12023): Found entity 1: myuart_tx
Info (12021): Found 1 design units, including 1 entities, in source file rtl/myuart/myuart_rx.v
    Info (12023): Found entity 1: myuart_rx
Info (12021): Found 1 design units, including 1 entities, in source file rtl/top_fpga.v
    Info (12023): Found entity 1: top_fpga
Info (12021): Found 1 design units, including 1 entities, in source file /mygithub/01_fpga_study/01_key/rtl/key_jitter.v
    Info (12023): Found entity 1: key_jitter
Info (12021): Found 1 design units, including 1 entities, in source file rtl/myuart/myuart.v
    Info (12023): Found entity 1: myuart
Info (12127): Elaborating entity "top_fpga" for the top level hierarchy
Warning (10034): Output port "led" at top_fpga.v(24) has no driver
Info (12128): Elaborating entity "key_jitter" for hierarchy "key_jitter:key_jitter_inst"
Info (12128): Elaborating entity "myuart" for hierarchy "myuart:myuart_inst"
Info (12128): Elaborating entity "speed_select" for hierarchy "myuart:myuart_inst|speed_select:inst_rx"
Info (12128): Elaborating entity "myuart_rx" for hierarchy "myuart:myuart_inst|myuart_rx:inst_myuart_rx"
Warning (10036): Verilog HDL or VHDL warning at myuart_rx.v(40): object "rxd_pos" assigned a value but never read
Info (12128): Elaborating entity "myuart_tx" for hierarchy "myuart:myuart_inst|myuart_tx:inst_myuart_tx"
Info (12021): Found 1 design units, including 1 entities, in source file db/altsyncram_eu14.tdf
    Info (12023): Found entity 1: altsyncram_eu14
Info (12021): Found 1 design units, including 1 entities, in source file db/mux_ssc.tdf
    Info (12023): Found entity 1: mux_ssc
Info (12021): Found 1 design units, including 1 entities, in source file db/decode_dvf.tdf
    Info (12023): Found entity 1: decode_dvf
Info (12021): Found 1 design units, including 1 entities, in source file db/cntr_fgi.tdf
    Info (12023): Found entity 1: cntr_fgi
Info (12021): Found 1 design units, including 1 entities, in source file db/cntr_i6j.tdf
    Info (12023): Found entity 1: cntr_i6j
Info (12021): Found 1 design units, including 1 entities, in source file db/cntr_egi.tdf
    Info (12023): Found entity 1: cntr_egi
Info (12021): Found 1 design units, including 1 entities, in source file db/cmpr_qgc.tdf
    Info (12023): Found entity 1: cmpr_qgc
Info (12021): Found 1 design units, including 1 entities, in source file db/cntr_23j.tdf
    Info (12023): Found entity 1: cntr_23j
Info (12021): Found 1 design units, including 1 entities, in source file db/cmpr_ngc.tdf
    Info (12023): Found entity 1: cmpr_ngc
Info (12033): Analysis and Synthesis generated SignalTap II or debug node instance "auto_signaltap_0"
Warning (13046): Tri-state node(s) do not directly drive top-level pin(s)
    Warning (13049): Converted tri-state buffer "myuart:myuart_inst|myuart_tx:inst_myuart_tx|bps_start" feeding internal logic into a wire
    Warning (13049): Converted tri-state buffer "myuart:myuart_inst|myuart_rx:inst_myuart_rx|bps_start" feeding internal logic into a wire
Info (13000): Registers with preset signals will power-up high
Info (13003): DEV_CLRn pin will set, and not reset, register with preset signal due to NOT Gate Push-Back
Warning (13024): Output pins are stuck at VCC or GND
    Warning (13410): Pin "led" is stuck at GND
Info (286031): Timing-Driven Synthesis is running on partition "Top"
Info (17049): 2 registers lost all their fanouts during netlist optimizations.
Info (35024): Succesfully connected in-system debug instance "auto_signaltap_0" to all 33 required data inputs, trigger inputs, acquisition clocks, and dynamic pins
Info (16010): Generating hard_block partition "hard_block:auto_generated_inst"
    Info (16011): Adding 0 node(s), including 0 DDIO, 0 PLL, 0 transceiver and 0 LCELL
Info (21057): Implemented 918 device resources after synthesis - the final resource count might be different
    Info (21058): Implemented 7 input pins
    Info (21059): Implemented 19 output pins
    Info (21061): Implemented 875 logic cells
    Info (21064): Implemented 16 RAM segments
Info: Quartus II 64-Bit Analysis & Synthesis was successful. 0 errors, 7 warnings
    Info: Peak virtual memory: 4748 megabytes
    Info: Processing ended: Tue Apr 08 22:42:00 2025
    Info: Elapsed time: 00:00:03
    Info: Total CPU time (on all processors): 00:00:03


